{"total": {"lines":{"total":330,"covered":303,"skipped":0,"pct":91.81},"statements":{"total":330,"covered":303,"skipped":0,"pct":91.81},"functions":{"total":28,"covered":23,"skipped":0,"pct":82.14},"branches":{"total":38,"covered":26,"skipped":0,"pct":68.42},"branchesTrue":{"total":0,"covered":0,"skipped":0,"pct":100}}
,"/home/vahid/WorkSpace/vhid-github/crypto-aio/src/index.ts": {"lines":{"total":26,"covered":26,"skipped":0,"pct":100},"functions":{"total":3,"covered":3,"skipped":0,"pct":100},"statements":{"total":26,"covered":26,"skipped":0,"pct":100},"branches":{"total":3,"covered":3,"skipped":0,"pct":100}}
,"/home/vahid/WorkSpace/vhid-github/crypto-aio/src/libs/index.ts": {"lines":{"total":1,"covered":1,"skipped":0,"pct":100},"functions":{"total":0,"covered":0,"skipped":0,"pct":100},"statements":{"total":1,"covered":1,"skipped":0,"pct":100},"branches":{"total":0,"covered":0,"skipped":0,"pct":100}}
,"/home/vahid/WorkSpace/vhid-github/crypto-aio/src/libs/eth/account.ts": {"lines":{"total":48,"covered":41,"skipped":0,"pct":85.41},"functions":{"total":4,"covered":3,"skipped":0,"pct":75},"statements":{"total":48,"covered":41,"skipped":0,"pct":85.41},"branches":{"total":6,"covered":4,"skipped":0,"pct":66.66}}
,"/home/vahid/WorkSpace/vhid-github/crypto-aio/src/libs/eth/contract.ts": {"lines":{"total":29,"covered":26,"skipped":0,"pct":89.65},"functions":{"total":2,"covered":2,"skipped":0,"pct":100},"statements":{"total":29,"covered":26,"skipped":0,"pct":89.65},"branches":{"total":5,"covered":3,"skipped":0,"pct":60}}
,"/home/vahid/WorkSpace/vhid-github/crypto-aio/src/libs/eth/index.ts": {"lines":{"total":50,"covered":40,"skipped":0,"pct":80},"functions":{"total":8,"covered":5,"skipped":0,"pct":62.5},"statements":{"total":50,"covered":40,"skipped":0,"pct":80},"branches":{"total":6,"covered":5,"skipped":0,"pct":83.33}}
,"/home/vahid/WorkSpace/vhid-github/crypto-aio/src/libs/eth/transact.ts": {"lines":{"total":1,"covered":1,"skipped":0,"pct":100},"functions":{"total":0,"covered":0,"skipped":0,"pct":100},"statements":{"total":1,"covered":1,"skipped":0,"pct":100},"branches":{"total":0,"covered":0,"skipped":0,"pct":100}}
,"/home/vahid/WorkSpace/vhid-github/crypto-aio/src/tool/common.ts": {"lines":{"total":40,"covered":40,"skipped":0,"pct":100},"functions":{"total":2,"covered":2,"skipped":0,"pct":100},"statements":{"total":40,"covered":40,"skipped":0,"pct":100},"branches":{"total":4,"covered":2,"skipped":0,"pct":50}}
,"/home/vahid/WorkSpace/vhid-github/crypto-aio/src/tool/eth-tools.ts": {"lines":{"total":30,"covered":23,"skipped":0,"pct":76.66},"functions":{"total":2,"covered":2,"skipped":0,"pct":100},"statements":{"total":30,"covered":23,"skipped":0,"pct":76.66},"branches":{"total":6,"covered":3,"skipped":0,"pct":50}}
,"/home/vahid/WorkSpace/vhid-github/crypto-aio/src/tool/index.ts": {"lines":{"total":5,"covered":5,"skipped":0,"pct":100},"functions":{"total":0,"covered":0,"skipped":0,"pct":100},"statements":{"total":5,"covered":5,"skipped":0,"pct":100},"branches":{"total":0,"covered":0,"skipped":0,"pct":100}}
,"/home/vahid/WorkSpace/vhid-github/crypto-aio/src/tool/logging.ts": {"lines":{"total":6,"covered":6,"skipped":0,"pct":100},"functions":{"total":3,"covered":2,"skipped":0,"pct":66.66},"statements":{"total":6,"covered":6,"skipped":0,"pct":100},"branches":{"total":2,"covered":2,"skipped":0,"pct":100}}
,"/home/vahid/WorkSpace/vhid-github/crypto-aio/src/tool/options.ts": {"lines":{"total":35,"covered":35,"skipped":0,"pct":100},"functions":{"total":4,"covered":4,"skipped":0,"pct":100},"statements":{"total":35,"covered":35,"skipped":0,"pct":100},"branches":{"total":6,"covered":4,"skipped":0,"pct":66.66}}
,"/home/vahid/WorkSpace/vhid-github/crypto-aio/src/type/account.ts": {"lines":{"total":12,"covered":12,"skipped":0,"pct":100},"functions":{"total":0,"covered":0,"skipped":0,"pct":100},"statements":{"total":12,"covered":12,"skipped":0,"pct":100},"branches":{"total":0,"covered":0,"skipped":0,"pct":100}}
,"/home/vahid/WorkSpace/vhid-github/crypto-aio/src/type/common.ts": {"lines":{"total":19,"covered":19,"skipped":0,"pct":100},"functions":{"total":0,"covered":0,"skipped":0,"pct":100},"statements":{"total":19,"covered":19,"skipped":0,"pct":100},"branches":{"total":0,"covered":0,"skipped":0,"pct":100}}
,"/home/vahid/WorkSpace/vhid-github/crypto-aio/src/type/contract.ts": {"lines":{"total":13,"covered":13,"skipped":0,"pct":100},"functions":{"total":0,"covered":0,"skipped":0,"pct":100},"statements":{"total":13,"covered":13,"skipped":0,"pct":100},"branches":{"total":0,"covered":0,"skipped":0,"pct":100}}
,"/home/vahid/WorkSpace/vhid-github/crypto-aio/src/type/index.ts": {"lines":{"total":4,"covered":4,"skipped":0,"pct":100},"functions":{"total":0,"covered":0,"skipped":0,"pct":100},"statements":{"total":4,"covered":4,"skipped":0,"pct":100},"branches":{"total":0,"covered":0,"skipped":0,"pct":100}}
,"/home/vahid/WorkSpace/vhid-github/crypto-aio/src/type/lib-types.ts": {"lines":{"total":11,"covered":11,"skipped":0,"pct":100},"functions":{"total":0,"covered":0,"skipped":0,"pct":100},"statements":{"total":11,"covered":11,"skipped":0,"pct":100},"branches":{"total":0,"covered":0,"skipped":0,"pct":100}}
}
