TN:
SF:src/index.ts
FN:12,cryptoAioOptions
FN:21,CryptoAio
FN:23,get eth
FNF:3
FNH:3
FNDA:1,cryptoAioOptions
FNDA:1,CryptoAio
FNDA:1,get eth
DA:1,1
DA:2,1
DA:3,1
DA:4,1
DA:5,1
DA:6,1
DA:7,1
DA:8,1
DA:9,1
DA:10,1
DA:11,1
DA:12,1
DA:13,1
DA:14,1
DA:15,1
DA:16,1
DA:17,1
DA:18,1
DA:19,1
DA:20,1
DA:21,1
DA:22,1
DA:23,1
DA:24,1
DA:25,1
DA:26,1
LF:26
LH:26
BRDA:12,0,0,1
BRDA:21,1,0,1
BRDA:23,2,0,1
BRF:3
BRH:3
end_of_record
TN:
SF:src/libs/index.ts
FNF:0
FNH:0
DA:1,1
LF:1
LH:1
BRF:0
BRH:0
end_of_record
TN:
SF:src/libs/eth/account.ts
FN:10,EthereumAccount
FN:14,getBalance
FN:23,create
FN:30,create
FNF:4
FNH:3
FNDA:2,EthereumAccount
FNDA:1,getBalance
FNDA:0,create
FNDA:1,create
DA:1,1
DA:2,1
DA:3,1
DA:4,1
DA:5,1
DA:6,1
DA:7,1
DA:8,1
DA:9,1
DA:10,1
DA:11,2
DA:12,2
DA:13,1
DA:14,1
DA:15,1
DA:16,1
DA:17,1
DA:18,1
DA:19,1
DA:20,0
DA:21,1
DA:22,1
DA:23,1
DA:24,0
DA:25,0
DA:26,0
DA:27,0
DA:28,0
DA:29,1
DA:30,1
DA:31,1
DA:32,1
DA:33,1
DA:34,1
DA:35,1
DA:36,1
DA:37,1
DA:38,1
DA:39,1
DA:40,1
DA:41,1
DA:42,1
DA:43,1
DA:44,1
DA:45,1
DA:46,1
DA:47,1
DA:48,1
LF:48
LH:42
BRDA:10,0,0,2
BRDA:14,1,0,1
BRDA:14,2,0,1
BRDA:18,3,0,0
BRDA:20,4,0,0
BRDA:30,5,0,1
BRDA:38,6,0,0
BRF:7
BRH:4
end_of_record
TN:
SF:src/libs/eth/contract.ts
FNF:0
FNH:0
DA:1,1
LF:1
LH:1
BRF:0
BRH:0
end_of_record
TN:
SF:src/libs/eth/index.ts
FN:8,get
FN:9,get
FN:10,get
FN:22,Ethereum
FN:26,get account
FN:30,createAccount
FN:37,getGasPrice
FNF:7
FNH:4
FNDA:1,get
FNDA:0,get
FNDA:0,get
FNDA:2,Ethereum
FNDA:1,get account
FNDA:0,createAccount
FNDA:1,getGasPrice
DA:1,1
DA:2,1
DA:3,1
DA:4,1
DA:5,1
DA:6,1
DA:7,1
DA:8,1
DA:9,1
DA:10,1
DA:11,1
DA:12,1
DA:13,1
DA:14,1
DA:15,1
DA:16,1
DA:17,1
DA:18,1
DA:19,1
DA:20,1
DA:21,1
DA:22,1
DA:23,2
DA:24,2
DA:25,1
DA:26,1
DA:27,1
DA:28,1
DA:29,1
DA:30,1
DA:31,0
DA:32,0
DA:33,0
DA:34,0
DA:35,0
DA:36,1
DA:37,1
DA:38,1
DA:39,1
DA:40,1
DA:41,1
DA:42,0
DA:43,1
DA:44,1
LF:44
LH:38
BRDA:8,0,0,1
BRDA:22,1,0,2
BRDA:26,2,0,1
BRDA:37,3,0,1
BRDA:39,4,0,0
BRDA:42,5,0,0
BRF:6
BRH:4
end_of_record
TN:
SF:src/libs/eth/transact.ts
FNF:0
FNH:0
DA:1,1
LF:1
LH:1
BRF:0
BRH:0
end_of_record
TN:
SF:src/tool/common.ts
FN:15,bp
FN:35,bt
FNF:2
FNH:2
FNDA:12,bp
FNDA:1,bt
DA:1,1
DA:2,1
DA:3,1
DA:4,1
DA:5,1
DA:6,1
DA:7,1
DA:8,1
DA:9,1
DA:10,1
DA:11,1
DA:12,1
DA:13,1
DA:14,1
DA:15,1
DA:16,12
DA:17,12
DA:18,12
DA:19,12
DA:20,1
DA:21,1
DA:22,1
DA:23,1
DA:24,1
DA:25,1
DA:26,1
DA:27,1
DA:28,1
DA:29,1
DA:30,1
DA:31,1
DA:32,1
DA:33,1
DA:34,1
DA:35,1
DA:36,1
DA:37,1
DA:38,1
DA:39,1
DA:40,1
LF:40
LH:40
BRDA:15,0,0,12
BRDA:20,1,0,0
BRDA:35,2,0,1
BRDA:40,3,0,0
BRF:4
BRH:2
end_of_record
TN:
SF:src/tool/eth-tools.ts
FN:10,ethereumOptions
FN:15,initEth
FNF:2
FNH:2
FNDA:2,ethereumOptions
FNDA:4,initEth
DA:1,1
DA:2,1
DA:3,1
DA:4,1
DA:5,1
DA:6,1
DA:7,1
DA:8,1
DA:9,1
DA:10,1
DA:11,2
DA:12,2
DA:13,1
DA:14,1
DA:15,1
DA:16,4
DA:17,4
DA:18,3
DA:19,3
DA:20,3
DA:21,3
DA:22,3
DA:23,0
DA:24,0
DA:25,0
DA:26,0
DA:27,0
DA:28,0
DA:29,3
DA:30,4
LF:30
LH:24
BRDA:10,0,0,2
BRDA:15,1,0,4
BRDA:17,2,0,3
BRDA:19,3,0,0
BRDA:19,4,0,0
BRDA:21,5,0,0
BRDA:23,6,0,0
BRF:7
BRH:3
end_of_record
TN:
SF:src/tool/index.ts
FNF:0
FNH:0
DA:1,1
DA:2,1
DA:3,1
DA:4,1
DA:5,1
LF:5
LH:5
BRF:0
BRH:0
end_of_record
TN:
SF:src/tool/logging.ts
FN:3,warn
FN:4,info
FN:6,logger
FNF:3
FNH:2
FNDA:0,warn
FNDA:1,info
FNDA:3,logger
DA:1,1
DA:2,1
DA:3,1
DA:4,1
DA:5,1
DA:6,1
LF:6
LH:6
BRDA:4,0,0,1
BRDA:6,1,0,3
BRF:2
BRH:2
end_of_record
TN:
SF:src/tool/options.ts
FN:7,commonOptions
FN:14,accountOptions
FN:20,cryptoOptions
FNF:3
FNH:3
FNDA:3,commonOptions
FNDA:2,accountOptions
FNDA:2,cryptoOptions
DA:1,1
DA:2,1
DA:3,1
DA:4,1
DA:5,1
DA:6,1
DA:7,1
DA:8,3
DA:9,3
DA:10,3
DA:11,3
DA:12,3
DA:13,1
DA:14,1
DA:15,2
DA:16,2
DA:17,2
DA:18,1
DA:19,1
DA:20,1
DA:21,2
DA:22,2
DA:23,1
LF:23
LH:23
BRDA:7,0,0,3
BRDA:11,1,0,0
BRDA:14,2,0,2
BRDA:20,3,0,2
BRF:4
BRH:3
end_of_record
TN:
SF:src/type/account.ts
FNF:0
FNH:0
DA:1,1
DA:2,1
DA:3,1
DA:4,1
DA:5,1
DA:6,1
DA:7,1
DA:8,1
DA:9,1
DA:10,1
DA:11,1
DA:12,1
LF:12
LH:12
BRF:0
BRH:0
end_of_record
TN:
SF:src/type/common.ts
FNF:0
FNH:0
DA:1,1
DA:2,1
DA:3,1
DA:4,1
DA:5,1
DA:6,1
DA:7,1
DA:8,1
DA:9,1
DA:10,1
DA:11,1
DA:12,1
DA:13,1
DA:14,1
DA:15,1
DA:16,1
DA:17,1
DA:18,1
DA:19,1
LF:19
LH:19
BRF:0
BRH:0
end_of_record
TN:
SF:src/type/index.ts
FNF:0
FNH:0
DA:1,1
DA:2,1
DA:3,1
LF:3
LH:3
BRF:0
BRH:0
end_of_record
TN:
SF:src/type/lib-types.ts
FNF:0
FNH:0
DA:1,1
DA:2,1
DA:3,1
DA:4,1
DA:5,1
DA:6,1
DA:7,1
DA:8,1
DA:9,1
DA:10,1
LF:10
LH:10
BRF:0
BRH:0
end_of_record
