TN:
SF:src/index.ts
FN:12,cryptoAioOptions
FN:21,CryptoAio
FN:23,get eth
FNF:3
FNH:3
FNDA:1,cryptoAioOptions
FNDA:1,CryptoAio
FNDA:1,get eth
DA:1,1
DA:2,1
DA:3,1
DA:4,1
DA:5,1
DA:6,1
DA:7,1
DA:8,1
DA:9,1
DA:10,1
DA:11,1
DA:12,1
DA:13,1
DA:14,1
DA:15,1
DA:16,1
DA:17,1
DA:18,1
DA:19,1
DA:20,1
DA:21,1
DA:22,1
DA:23,1
DA:24,1
DA:25,1
DA:26,1
LF:26
LH:26
BRDA:12,0,0,1
BRDA:21,1,0,1
BRDA:23,2,0,1
BRF:3
BRH:3
end_of_record
TN:
SF:src/libs/index.ts
FNF:0
FNH:0
DA:1,1
LF:1
LH:1
BRF:0
BRH:0
end_of_record
TN:
SF:src/libs/eth/account.ts
FN:16,EthereumAccount
FN:20,getBalance
FN:29,create
FN:33,create
FNF:4
FNH:3
FNDA:2,EthereumAccount
FNDA:1,getBalance
FNDA:0,create
FNDA:1,create
DA:1,1
DA:2,1
DA:3,1
DA:4,1
DA:5,1
DA:6,1
DA:7,1
DA:8,1
DA:9,1
DA:10,1
DA:11,1
DA:12,1
DA:13,1
DA:14,1
DA:15,1
DA:16,1
DA:17,2
DA:18,2
DA:19,1
DA:20,1
DA:21,1
DA:22,1
DA:23,1
DA:24,1
DA:25,0
DA:26,0
DA:27,1
DA:28,1
DA:29,1
DA:30,0
DA:31,0
DA:32,1
DA:33,1
DA:34,1
DA:35,1
DA:36,1
DA:37,1
DA:38,1
DA:39,1
DA:40,1
DA:41,1
DA:42,1
DA:43,1
DA:44,1
DA:45,1
DA:46,1
DA:47,1
DA:48,1
LF:48
LH:44
BRDA:16,0,0,2
BRDA:20,1,0,1
BRDA:20,2,0,1
BRDA:25,3,0,0
BRDA:33,4,0,1
BRDA:38,5,0,0
BRF:6
BRH:4
end_of_record
TN:
SF:src/libs/eth/contract.ts
FNF:0
FNH:0
DA:1,1
LF:1
LH:1
BRF:0
BRH:0
end_of_record
TN:
SF:src/libs/eth/index.ts
FN:8,get
FN:9,get
FN:10,get
FN:22,Ethereum
FN:26,get account
FN:30,getGasPrice
FNF:6
FNH:4
FNDA:1,get
FNDA:0,get
FNDA:0,get
FNDA:3,Ethereum
FNDA:1,get account
FNDA:2,getGasPrice
DA:1,1
DA:2,1
DA:3,1
DA:4,1
DA:5,1
DA:6,1
DA:7,1
DA:8,1
DA:9,1
DA:10,1
DA:11,1
DA:12,1
DA:13,1
DA:14,1
DA:15,1
DA:16,1
DA:17,1
DA:18,1
DA:19,1
DA:20,1
DA:21,1
DA:22,1
DA:23,3
DA:24,3
DA:25,1
DA:26,1
DA:27,1
DA:28,1
DA:29,1
DA:30,1
DA:31,2
DA:32,2
DA:33,0
DA:34,0
DA:35,0
DA:36,2
DA:37,1
LF:37
LH:34
BRDA:8,0,0,1
BRDA:22,1,0,3
BRDA:26,2,0,1
BRDA:30,3,0,2
BRDA:33,4,0,0
BRF:5
BRH:4
end_of_record
TN:
SF:src/libs/eth/transact.ts
FNF:0
FNH:0
DA:1,1
LF:1
LH:1
BRF:0
BRH:0
end_of_record
TN:
SF:src/tool/common.ts
FN:15,bp
FN:35,bt
FNF:2
FNH:2
FNDA:17,bp
FNDA:1,bt
DA:1,1
DA:2,1
DA:3,1
DA:4,1
DA:5,1
DA:6,1
DA:7,1
DA:8,1
DA:9,1
DA:10,1
DA:11,1
DA:12,1
DA:13,1
DA:14,1
DA:15,1
DA:16,17
DA:17,17
DA:18,17
DA:19,17
DA:20,1
DA:21,1
DA:22,1
DA:23,1
DA:24,1
DA:25,1
DA:26,1
DA:27,1
DA:28,1
DA:29,1
DA:30,1
DA:31,1
DA:32,1
DA:33,1
DA:34,1
DA:35,1
DA:36,1
DA:37,1
DA:38,1
DA:39,1
DA:40,1
LF:40
LH:40
BRDA:15,0,0,17
BRDA:20,1,0,0
BRDA:35,2,0,1
BRDA:40,3,0,0
BRF:4
BRH:2
end_of_record
TN:
SF:src/tool/eth-tools.ts
FN:10,defaultEthereumOptions
FN:13,initEth
FNF:2
FNH:2
FNDA:3,defaultEthereumOptions
FNDA:5,initEth
DA:1,1
DA:2,1
DA:3,1
DA:4,1
DA:5,1
DA:6,1
DA:7,1
DA:8,1
DA:9,1
DA:10,1
DA:11,1
DA:12,1
DA:13,1
DA:14,5
DA:15,5
DA:16,4
DA:17,4
DA:18,4
DA:19,4
DA:20,4
DA:21,4
DA:22,4
DA:23,4
DA:24,4
DA:25,4
DA:26,4
DA:27,4
DA:28,5
LF:28
LH:28
BRDA:10,0,0,3
BRDA:13,1,0,5
BRDA:15,2,0,4
BRDA:17,3,0,0
BRDA:19,4,0,0
BRDA:20,5,0,0
BRF:6
BRH:3
end_of_record
TN:
SF:src/tool/index.ts
FNF:0
FNH:0
DA:1,1
DA:2,1
DA:3,1
DA:4,1
DA:5,1
LF:5
LH:5
BRF:0
BRH:0
end_of_record
TN:
SF:src/tool/logging.ts
FN:3,warn
FN:4,info
FN:6,logger
FNF:3
FNH:3
FNDA:4,warn
FNDA:1,info
FNDA:4,logger
DA:1,1
DA:2,1
DA:3,1
DA:4,1
DA:5,1
DA:6,1
LF:6
LH:6
BRDA:3,0,0,4
BRDA:4,1,0,1
BRDA:6,2,0,4
BRF:3
BRH:3
end_of_record
TN:
SF:src/tool/options.ts
FN:7,defaultCommonOptions
FN:15,defaultAccountOptions
FN:23,defaultCryptoOptions
FNF:3
FNH:3
FNDA:4,defaultCommonOptions
FNDA:3,defaultAccountOptions
FNDA:3,defaultCryptoOptions
DA:1,1
DA:2,1
DA:3,1
DA:4,1
DA:5,1
DA:6,1
DA:7,1
DA:8,4
DA:9,4
DA:10,4
DA:11,4
DA:12,4
DA:13,4
DA:14,1
DA:15,1
DA:16,3
DA:17,3
DA:18,3
DA:19,3
DA:20,3
DA:21,3
DA:22,1
DA:23,1
DA:24,3
DA:25,3
LF:25
LH:25
BRDA:7,0,0,4
BRDA:15,1,0,3
BRDA:23,2,0,3
BRF:3
BRH:3
end_of_record
TN:
SF:src/type/account.ts
FNF:0
FNH:0
DA:1,1
DA:2,1
DA:3,1
DA:4,1
DA:5,1
DA:6,1
DA:7,1
DA:8,1
DA:9,1
DA:10,1
DA:11,1
DA:12,1
LF:12
LH:12
BRF:0
BRH:0
end_of_record
TN:
SF:src/type/common.ts
FNF:0
FNH:0
DA:1,1
DA:2,1
DA:3,1
DA:4,1
DA:5,1
DA:6,1
DA:7,1
DA:8,1
DA:9,1
DA:10,1
DA:11,1
DA:12,1
DA:13,1
DA:14,1
DA:15,1
DA:16,1
DA:17,1
DA:18,1
LF:18
LH:18
BRF:0
BRH:0
end_of_record
TN:
SF:src/type/index.ts
FNF:0
FNH:0
DA:1,1
DA:2,1
DA:3,1
LF:3
LH:3
BRF:0
BRH:0
end_of_record
TN:
SF:src/type/lib-types.ts
FNF:0
FNH:0
DA:1,1
DA:2,1
DA:3,1
DA:4,1
DA:5,1
DA:6,1
DA:7,1
DA:8,1
DA:9,1
DA:10,1
LF:10
LH:10
BRF:0
BRH:0
end_of_record
